[INFO] 2025-05-08 10:35:25.152521 - No local cache file found. Starting empty.
[INFO] 2025-05-08 10:35:25.155169 - Connected to server at 127.0.0.1:5000
[INFO] 2025-05-08 10:35:33.205174 - Login/Register response: {'status': 'error', 'message': 'Username already exists'}
[INFO] 2025-05-08 10:35:38.902209 - Login/Register response: {'status': 'success', 'message': 'Welcome back, Nga!', 'role': 'authenticated'}
[INFO] 2025-05-08 10:35:40.254804 - Client 'Nga' is online. Starting synchronization for channel 'General'...
[INFO] 2025-05-08 10:35:40.256290 - Phase 1: Syncing local messages TO server...
[INFO] 2025-05-08 10:35:40.256915 - Phase 1 (Sync TO Server) finished.
[INFO] 2025-05-08 10:35:40.258941 - Phase 2: Syncing messages FROM server...
[INFO] 2025-05-08 10:35:40.330013 - Phase 2 (Sync FROM Server) finished.
[INFO] 2025-05-08 10:36:11.043081 - Successfully joined channel 'MMT'. Server response: {'status': 'success', 'message': "User 'Nga' joined channel 'MMT' successfully", 'owner': 'Nga', 'user_list': {'online': ['Nga'], 'offline': []}}
[INFO] 2025-05-08 10:36:26.238980 - No local cache file found. Starting empty.
[INFO] 2025-05-08 10:36:26.240875 - Connected to server at 127.0.0.1:5000
[INFO] 2025-05-08 10:36:31.790142 - Login/Register response: {'status': 'error', 'message': 'Username already exists'}
[INFO] 2025-05-08 10:36:33.788259 - Login/Register response: {'status': 'success', 'message': 'Welcome back, Hi!', 'role': 'authenticated'}
[INFO] 2025-05-08 10:36:35.207944 - Client 'Hi' is online. Starting synchronization for channel 'General'...
[INFO] 2025-05-08 10:36:35.209982 - Phase 1: Syncing local messages TO server...
[INFO] 2025-05-08 10:36:35.217004 - Phase 1 (Sync TO Server) finished.
[INFO] 2025-05-08 10:36:35.221393 - Phase 2: Syncing messages FROM server...
[INFO] 2025-05-08 10:36:35.225883 - Phase 2 (Sync FROM Server) finished.
[INFO] 2025-05-08 10:36:38.689357 - Successfully joined channel 'MMT'. Server response: {'status': 'success', 'message': "User 'Hi' joined channel 'MMT' successfully", 'owner': 'Nga', 'user_list': {'online': ['Hi', 'Nga'], 'offline': []}}
[INFO] 2025-05-08 10:37:19.821628 - Status change to offline for Nga confirmed by server.
[INFO] 2025-05-08 10:37:23.434560 - Message saved locally for channel 'MMT': {'username': 'Nga', 'message': 'GGGG', 'timestamp': '2025-05-08T03:37:23.434560Z'}
[INFO] 2025-05-08 10:37:28.861875 - Status change to online for Nga confirmed by server.
[INFO] 2025-05-08 10:37:29.781692 - Client 'Nga' is online. Starting synchronization for channel 'MMT'...
[INFO] 2025-05-08 10:37:29.781692 - Phase 1: Syncing local messages TO server...
[INFO] 2025-05-08 10:37:29.782692 - Attempting to sync 1 local messages for 'MMT' to server...
[INFO] 2025-05-08 10:37:29.789185 - Successfully synced local messages for 'MMT' to server.
[INFO] 2025-05-08 10:37:29.793392 - Phase 1 (Sync TO Server) finished.
[INFO] 2025-05-08 10:37:29.798932 - Phase 2: Syncing messages FROM server...
[INFO] 2025-05-08 10:37:29.827940 - Phase 2 (Sync FROM Server) finished.
[INFO] 2025-05-08 10:37:35.864788 - Status change to invisible for Nga confirmed by server.
[INFO] 2025-05-08 10:37:53.636579 - Local message cache loaded.
[INFO] 2025-05-08 10:37:53.639098 - Connected to server at 127.0.0.1:5000
[INFO] 2025-05-08 10:38:04.886857 - Login/Register response: {'status': 'success', 'message': 'Welcome, Go!', 'role': 'guest'}
[INFO] 2025-05-08 10:38:11.358181 - Successfully joined channel 'MMT'. Server response: {'status': 'success', 'message': "User 'Go' joined channel 'MMT' successfully", 'owner': 'Nga', 'user_list': {'online': ['Go', 'Hi'], 'offline': ['Nga']}}
[INFO] 2025-05-08 10:46:44.720985 - Local message cache loaded.
[INFO] 2025-05-08 10:46:44.722986 - Connected to server at 127.0.0.1:5000
[INFO] 2025-05-08 10:47:29.398858 - Login/Register response: {'status': 'success', 'message': 'Welcome back, Nga!', 'role': 'authenticated'}
[INFO] 2025-05-08 10:47:49.989440 - Client 'Nga' is online. Starting synchronization for channel 'General'...
[INFO] 2025-05-08 10:47:49.990870 - Phase 1: Syncing local messages TO server...
[INFO] 2025-05-08 10:47:49.990870 - Phase 1 (Sync TO Server) finished.
[INFO] 2025-05-08 10:47:49.992366 - Phase 2: Syncing messages FROM server...
[INFO] 2025-05-08 10:47:49.996376 - Phase 2 (Sync FROM Server) finished.
[INFO] 2025-05-08 10:49:04.671568 - Successfully joined channel 'MMT'. Server response: {'status': 'success', 'message': "User 'Nga' joined channel 'MMT' successfully", 'owner': 'Nga', 'user_list': {'online': ['Nga'], 'offline': []}}
[INFO] 2025-05-08 10:50:45.311999 - Local message cache loaded.
[INFO] 2025-05-08 10:50:45.312993 - Connected to server at 127.0.0.1:5000
[INFO] 2025-05-08 10:50:50.031376 - Login/Register response: {'status': 'success', 'message': 'Welcome back, Hi!', 'role': 'authenticated'}
[INFO] 2025-05-08 10:50:50.898163 - Client 'Hi' is online. Starting synchronization for channel 'General'...
[INFO] 2025-05-08 10:50:50.898163 - Phase 1: Syncing local messages TO server...
[INFO] 2025-05-08 10:50:50.899556 - Phase 1 (Sync TO Server) finished.
[INFO] 2025-05-08 10:50:50.900576 - Phase 2: Syncing messages FROM server...
[INFO] 2025-05-08 10:50:50.904572 - Phase 2 (Sync FROM Server) finished.
[INFO] 2025-05-08 10:50:53.848549 - Successfully joined channel 'MMT'. Server response: {'status': 'success', 'message': "User 'Hi' joined channel 'MMT' successfully", 'owner': 'Nga', 'user_list': {'online': ['Hi', 'Nga'], 'offline': []}}
[INFO] 2025-05-08 10:52:37.645424 - Status change to offline for Nga confirmed by server.
[INFO] 2025-05-08 10:53:41.413563 - Message saved locally for channel 'MMT': {'username': 'Nga', 'message': 'Gggg', 'timestamp': '2025-05-08T03:53:41.412603Z'}
[INFO] 2025-05-08 10:54:03.733872 - Status change to online for Nga confirmed by server.
[INFO] 2025-05-08 10:54:04.735517 - Client 'Nga' is online. Starting synchronization for channel 'MMT'...
[INFO] 2025-05-08 10:54:04.736521 - Phase 1: Syncing local messages TO server...
[INFO] 2025-05-08 10:54:04.736521 - Attempting to sync 1 local messages for 'MMT' to server...
[INFO] 2025-05-08 10:54:04.743096 - Successfully synced local messages for 'MMT' to server.
[INFO] 2025-05-08 10:54:04.745100 - Phase 1 (Sync TO Server) finished.
[INFO] 2025-05-08 10:54:04.745100 - Phase 2: Syncing messages FROM server...
[INFO] 2025-05-08 10:54:04.767398 - Phase 2 (Sync FROM Server) finished.
[INFO] 2025-05-08 10:58:15.350161 - Status change to invisible for Nga confirmed by server.
